<html>
<body>
<pre>
<h1>Vision Build Log</h1>
<h2>Project:</h2>
G:\PRO_WTAL\WTAL.uvproj
Project File Date:  06/20/2018

<h2>Output:</h2>
Build target '目标 1'
assembling STARTUP.A51...
compiling AdcDrv.c...
compiling AngApp.c...
compiling Calibration.c...
compiling CmdSub.c...
compiling Comm.c...
compiling Delay.c...
compiling Filter.c...
compiling Flash.c...
compiling Init.c...
compiling Key.c...
compiling Main.c...
compiling ModBusCrc.c...
compiling ModBusRtu.c...
compiling Send.c...
compiling Sensor.c...
compiling Sub.c...
compiling Timer.c...
linking...
Program Size: data=113.4 xdata=2934 code=31034
"WTAL" - 0 Error(s), 0 Warning(s).
Build target '目标 1'
assembling STARTUP.A51...
compiling AdcDrv.c...
compiling AngApp.c...
compiling Calibration.c...
compiling CmdSub.c...
compiling Comm.c...
compiling Delay.c...
compiling Filter.c...
compiling Flash.c...
compiling Init.c...
compiling Key.c...
compiling Main.c...
compiling ModBusCrc.c...
compiling ModBusRtu.c...
compiling Send.c...
compiling Sensor.c...
compiling Sub.c...
compiling Timer.c...
linking...
Program Size: data=113.4 xdata=2934 code=31034
creating hex file from ".\obj\WTAL"...
".\obj\WTAL" - 0 Error(s), 0 Warning(s).
Build target '目标 1'
assembling STARTUP.A51...
compiling AdcDrv.c...
compiling AngApp.c...
compiling Calibration.c...
compiling CmdSub.c...
compiling Comm.c...
compiling Delay.c...
compiling Filter.c...
compiling Flash.c...
compiling Init.c...
compiling Key.c...
compiling Main.c...
compiling ModBusCrc.c...
compiling ModBusRtu.c...
compiling Send.c...
compiling Sensor.c...
compiling Sub.c...
compiling Timer.c...
linking...
Program Size: data=113.4 xdata=2934 code=31034
creating hex file from ".\obj\WTAL"...
".\obj\WTAL" - 0 Error(s), 0 Warning(s).
Build target '目标 1'
assembling STARTUP.A51...
compiling AdcDrv.c...
SCR\_INCLUDE.H(60): warning C318: can't open file 'Key.h'
compiling AngApp.c...
SCR\_INCLUDE.H(60): warning C318: can't open file 'Key.h'
SCR\ANGAPP.C(362): error C202: 'KeyDnFlag': undefined identifier
SCR\ANGAPP.C(642): error C202: 'KeyDnFlag': undefined identifier
compiling Calibration.c...
SCR\_INCLUDE.H(60): warning C318: can't open file 'Key.h'
compiling CmdSub.c...
SCR\_INCLUDE.H(60): warning C318: can't open file 'Key.h'
compiling Comm.c...
SCR\_INCLUDE.H(60): warning C318: can't open file 'Key.h'
compiling Delay.c...
SCR\_INCLUDE.H(60): warning C318: can't open file 'Key.h'
compiling Filter.c...
compiling Flash.c...
SCR\_INCLUDE.H(60): warning C318: can't open file 'Key.h'
SCR\FLASH.C(198): error C202: 'KeyEnb': undefined identifier
SCR\FLASH.C(290): error C202: 'KeyEnb': undefined identifier
compiling Init.c...
SCR\_INCLUDE.H(60): warning C318: can't open file 'Key.h'
SCR\INIT.C(37): error C202: 'KeyEnb': undefined identifier
compiling Main.c...
SCR\_INCLUDE.H(60): warning C318: can't open file 'Key.h'
SCR\MAIN.C(49): warning C206: 'Key_Proc': missing function-prototype
compiling ModBusCrc.c...
SCR\_INCLUDE.H(60): warning C318: can't open file 'Key.h'
compiling ModBusRtu.c...
SCR\_INCLUDE.H(60): warning C318: can't open file 'Key.h'
compiling Send.c...
SCR\_INCLUDE.H(60): warning C318: can't open file 'Key.h'
SCR\SEND.C(494): error C202: 'KeyEnb': undefined identifier
compiling Sensor.c...
SCR\_INCLUDE.H(60): warning C318: can't open file 'Key.h'
compiling Sub.c...
SCR\_INCLUDE.H(60): warning C318: can't open file 'Key.h'
compiling Timer.c...
SCR\_INCLUDE.H(60): warning C318: can't open file 'Key.h'
目标未创建
Build target '目标 1'
assembling STARTUP.A51...
compiling AdcDrv.c...
compiling AngApp.c...
SCR\ANGAPP.C(362): error C202: 'KeyDnFlag': undefined identifier
SCR\ANGAPP.C(642): error C202: 'KeyDnFlag': undefined identifier
compiling Calibration.c...
compiling CmdSub.c...
compiling Comm.c...
compiling Delay.c...
compiling Filter.c...
compiling Flash.c...
SCR\FLASH.C(198): error C202: 'KeyEnb': undefined identifier
SCR\FLASH.C(290): error C202: 'KeyEnb': undefined identifier
compiling Init.c...
SCR\INIT.C(37): error C202: 'KeyEnb': undefined identifier
compiling Main.c...
SCR\MAIN.C(49): warning C206: 'Key_Proc': missing function-prototype
compiling ModBusCrc.c...
compiling ModBusRtu.c...
compiling Send.c...
SCR\SEND.C(494): error C202: 'KeyEnb': undefined identifier
compiling Sensor.c...
compiling Sub.c...
compiling Timer.c...
目标未创建
Build target '目标 1'
assembling STARTUP.A51...
compiling AdcDrv.c...
SCR\_INCLUDE.H(55): warning C318: can't open file 'AngApp.h'
compiling Calibration.c...
SCR\_INCLUDE.H(55): warning C318: can't open file 'AngApp.h'
compiling CmdSub.c...
SCR\_INCLUDE.H(55): warning C318: can't open file 'AngApp.h'
compiling Comm.c...
SCR\_INCLUDE.H(55): warning C318: can't open file 'AngApp.h'
compiling Delay.c...
SCR\_INCLUDE.H(55): warning C318: can't open file 'AngApp.h'
compiling Filter.c...
compiling Flash.c...
SCR\_INCLUDE.H(55): warning C318: can't open file 'AngApp.h'
SCR\FLASH.C(196): warning C206: 'GetAngXSysZero': missing function-prototype
SCR\FLASH.C(197): warning C206: 'GetAngYSysZero': missing function-prototype
SCR\FLASH.C(198): error C202: 'KeyEnb': undefined identifier
compiling Init.c...
SCR\_INCLUDE.H(55): warning C318: can't open file 'AngApp.h'
SCR\INIT.C(37): error C202: 'KeyEnb': undefined identifier
SCR\INIT.C(38): error C202: 'LedMode': undefined identifier
compiling Main.c...
SCR\_INCLUDE.H(55): warning C318: can't open file 'AngApp.h'
SCR\MAIN.C(29): warning C206: 'LED_GREEN_ON': missing function-prototype
SCR\MAIN.C(30): warning C206: 'LED_RED_ON': missing function-prototype
SCR\MAIN.C(31): warning C206: 'LED_S_ON': missing function-prototype
SCR\MAIN.C(49): warning C206: 'Key_Proc': missing function-prototype
SCR\MAIN.C(50): warning C206: 'AngProc': missing function-prototype
compiling ModBusCrc.c...
SCR\_INCLUDE.H(55): warning C318: can't open file 'AngApp.h'
compiling ModBusRtu.c...
SCR\_INCLUDE.H(55): warning C318: can't open file 'AngApp.h'
SCR\MODBUSRTU.C(110): warning C206: 'GetAngXRelSys': missing function-prototype
SCR\MODBUSRTU.C(110): warning C206: 'SetAngXUsrZero': missing function-prototype
SCR\MODBUSRTU.C(110): error C267: 'SetAngXUsrZero': requires ANSI-style prototype
compiling Send.c...
SCR\_INCLUDE.H(55): warning C318: can't open file 'AngApp.h'
SCR\SEND.C(148): warning C206: 'GetAngXInst': missing function-prototype
SCR\SEND.C(153): warning C206: 'GetAngYInst': missing function-prototype
SCR\SEND.C(170): error C202: 'EnDlyTime': undefined identifier
SCR\SEND.C(177): error C202: 'ExDlyTime': undefined identifier
compiling Sensor.c...
SCR\_INCLUDE.H(55): warning C318: can't open file 'AngApp.h'
compiling Sub.c...
SCR\_INCLUDE.H(55): warning C318: can't open file 'AngApp.h'
SCR\SUB.C(130): warning C206: 'GetXAngAllSetVal': missing function-prototype
SCR\SUB.C(134): warning C206: 'GetYAngAllSetVal': missing function-prototype
SCR\SUB.C(152): warning C206: 'GetAngP': missing function-prototype
compiling Timer.c...
SCR\_INCLUDE.H(55): warning C318: can't open file 'AngApp.h'
SCR\TIMER.C(64): error C141: syntax error near '*', expected ')'
SCR\TIMER.C(66): error C202: 'PTR': undefined identifier
SCR\TIMER.C(68): error C202: 'PTR': undefined identifier
SCR\TIMER.C(70): error C202: 'PTR': undefined identifier
SCR\TIMER.C(71): error C202: 'PTR': undefined identifier
SCR\TIMER.C(77): error C202: 'PTR': undefined identifier
SCR\TIMER.C(79): error C202: 'PTR': undefined identifier
SCR\TIMER.C(81): error C202: 'PTR': undefined identifier
SCR\TIMER.C(82): error C202: 'PTR': undefined identifier
SCR\TIMER.C(106): error C202: 'DELAY_X': undefined identifier
SCR\TIMER.C(107): error C202: 'DELAY_Y': undefined identifier
目标未创建
Build target '目标 1'
assembling STARTUP.A51...
compiling AdcDrv.c...
compiling Calibration.c...
compiling CmdSub.c...
compiling Comm.c...
compiling Delay.c...
compiling Filter.c...
compiling Flash.c...
SCR\FLASH.C(196): warning C206: 'GetAngXSysZero': missing function-prototype
SCR\FLASH.C(197): warning C206: 'GetAngYSysZero': missing function-prototype
SCR\FLASH.C(198): error C202: 'KeyEnb': undefined identifier
compiling Init.c...
SCR\INIT.C(37): error C202: 'KeyEnb': undefined identifier
SCR\INIT.C(38): error C202: 'LedMode': undefined identifier
compiling Main.c...
SCR\MAIN.C(29): warning C206: 'LED_GREEN_ON': missing function-prototype
SCR\MAIN.C(30): warning C206: 'LED_RED_ON': missing function-prototype
SCR\MAIN.C(31): warning C206: 'LED_S_ON': missing function-prototype
SCR\MAIN.C(49): warning C206: 'Key_Proc': missing function-prototype
SCR\MAIN.C(50): warning C206: 'AngProc': missing function-prototype
compiling ModBusCrc.c...
compiling ModBusRtu.c...
SCR\MODBUSRTU.C(110): warning C206: 'GetAngXRelSys': missing function-prototype
SCR\MODBUSRTU.C(110): warning C206: 'SetAngXUsrZero': missing function-prototype
SCR\MODBUSRTU.C(110): error C267: 'SetAngXUsrZero': requires ANSI-style prototype
compiling Send.c...
SCR\SEND.C(148): warning C206: 'GetAngXInst': missing function-prototype
SCR\SEND.C(153): warning C206: 'GetAngYInst': missing function-prototype
SCR\SEND.C(170): error C202: 'EnDlyTime': undefined identifier
SCR\SEND.C(177): error C202: 'ExDlyTime': undefined identifier
compiling Sensor.c...
compiling Sub.c...
SCR\SUB.C(130): warning C206: 'GetXAngAllSetVal': missing function-prototype
SCR\SUB.C(134): warning C206: 'GetYAngAllSetVal': missing function-prototype
SCR\SUB.C(152): warning C206: 'GetAngP': missing function-prototype
compiling Timer.c...
SCR\TIMER.C(64): error C141: syntax error near '*', expected ')'
SCR\TIMER.C(66): error C202: 'PTR': undefined identifier
SCR\TIMER.C(68): error C202: 'PTR': undefined identifier
SCR\TIMER.C(70): error C202: 'PTR': undefined identifier
SCR\TIMER.C(71): error C202: 'PTR': undefined identifier
SCR\TIMER.C(77): error C202: 'PTR': undefined identifier
SCR\TIMER.C(79): error C202: 'PTR': undefined identifier
SCR\TIMER.C(81): error C202: 'PTR': undefined identifier
SCR\TIMER.C(82): error C202: 'PTR': undefined identifier
SCR\TIMER.C(106): error C202: 'DELAY_X': undefined identifier
SCR\TIMER.C(107): error C202: 'DELAY_Y': undefined identifier
目标未创建
Build target '目标 1'
assembling STARTUP.A51...
compiling AdcDrv.c...
compiling Calibration.c...
compiling CmdSub.c...
compiling Comm.c...
compiling Delay.c...
compiling Filter.c...
compiling Flash.c...
SCR\FLASH.C(196): warning C206: 'GetAngXSysZero': missing function-prototype
SCR\FLASH.C(197): warning C206: 'GetAngYSysZero': missing function-prototype
SCR\FLASH.C(198): error C202: 'KeyEnb': undefined identifier
compiling Init.c...
SCR\INIT.C(37): error C202: 'KeyEnb': undefined identifier
SCR\INIT.C(38): error C202: 'LedMode': undefined identifier
compiling Main.c...
SCR\MAIN.C(29): warning C206: 'LED_GREEN_ON': missing function-prototype
SCR\MAIN.C(30): warning C206: 'LED_RED_ON': missing function-prototype
SCR\MAIN.C(31): warning C206: 'LED_S_ON': missing function-prototype
SCR\MAIN.C(49): warning C206: 'Key_Proc': missing function-prototype
SCR\MAIN.C(50): warning C206: 'AngProc': missing function-prototype
compiling ModBusCrc.c...
compiling ModBusRtu.c...
SCR\MODBUSRTU.C(110): warning C206: 'GetAngXRelSys': missing function-prototype
SCR\MODBUSRTU.C(110): warning C206: 'SetAngXUsrZero': missing function-prototype
SCR\MODBUSRTU.C(110): error C267: 'SetAngXUsrZero': requires ANSI-style prototype
compiling Send.c...
SCR\SEND.C(175): warning C206: 'SetAngXSysZero': missing function-prototype
SCR\SEND.C(175): error C267: 'SetAngXSysZero': requires ANSI-style prototype
compiling Sensor.c...
compiling Sub.c...
SCR\SUB.C(130): warning C206: 'GetXAngAllSetVal': missing function-prototype
SCR\SUB.C(134): warning C206: 'GetYAngAllSetVal': missing function-prototype
SCR\SUB.C(152): warning C206: 'GetAngP': missing function-prototype
compiling Timer.c...
SCR\TIMER.C(64): error C141: syntax error near '*', expected ')'
SCR\TIMER.C(66): error C202: 'PTR': undefined identifier
SCR\TIMER.C(68): error C202: 'PTR': undefined identifier
SCR\TIMER.C(70): error C202: 'PTR': undefined identifier
SCR\TIMER.C(71): error C202: 'PTR': undefined identifier
SCR\TIMER.C(77): error C202: 'PTR': undefined identifier
SCR\TIMER.C(79): error C202: 'PTR': undefined identifier
SCR\TIMER.C(81): error C202: 'PTR': undefined identifier
SCR\TIMER.C(82): error C202: 'PTR': undefined identifier
SCR\TIMER.C(106): error C202: 'DELAY_X': undefined identifier
SCR\TIMER.C(107): error C202: 'DELAY_Y': undefined identifier
目标未创建
Build target '目标 1'
assembling STARTUP.A51...
compiling AdcDrv.c...
compiling Calibration.c...
compiling CmdSub.c...
compiling Comm.c...
compiling Delay.c...
compiling Filter.c...
compiling Flash.c...
SCR\FLASH.C(212): error C202: 'EnDlyTime': undefined identifier
SCR\FLASH.C(213): error C202: 'ExDlyTime': undefined identifier
SCR\FLASH.C(269): error C202: 'EnDlyTime': undefined identifier
SCR\FLASH.C(270): error C202: 'ExDlyTime': undefined identifier
compiling Init.c...
SCR\INIT.C(37): error C202: 'KeyEnb': undefined identifier
SCR\INIT.C(38): error C202: 'LedMode': undefined identifier
compiling Main.c...
SCR\MAIN.C(29): warning C206: 'LED_GREEN_ON': missing function-prototype
SCR\MAIN.C(30): warning C206: 'LED_RED_ON': missing function-prototype
SCR\MAIN.C(31): warning C206: 'LED_S_ON': missing function-prototype
SCR\MAIN.C(49): warning C206: 'Key_Proc': missing function-prototype
SCR\MAIN.C(50): warning C206: 'AngProc': missing function-prototype
compiling ModBusCrc.c...
compiling ModBusRtu.c...
SCR\MODBUSRTU.C(110): warning C206: 'GetAngXRelSys': missing function-prototype
SCR\MODBUSRTU.C(110): warning C206: 'SetAngXUsrZero': missing function-prototype
SCR\MODBUSRTU.C(110): error C267: 'SetAngXUsrZero': requires ANSI-style prototype
compiling Send.c...
SCR\SEND.C(175): warning C206: 'SetAngXSysZero': missing function-prototype
SCR\SEND.C(175): error C267: 'SetAngXSysZero': requires ANSI-style prototype
compiling Sensor.c...
compiling Sub.c...
SCR\SUB.C(130): warning C206: 'GetXAngAllSetVal': missing function-prototype
SCR\SUB.C(134): warning C206: 'GetYAngAllSetVal': missing function-prototype
SCR\SUB.C(152): warning C206: 'GetAngP': missing function-prototype
compiling Timer.c...
SCR\TIMER.C(64): error C141: syntax error near '*', expected ')'
SCR\TIMER.C(66): error C202: 'PTR': undefined identifier
SCR\TIMER.C(68): error C202: 'PTR': undefined identifier
SCR\TIMER.C(70): error C202: 'PTR': undefined identifier
SCR\TIMER.C(71): error C202: 'PTR': undefined identifier
SCR\TIMER.C(77): error C202: 'PTR': undefined identifier
SCR\TIMER.C(79): error C202: 'PTR': undefined identifier
SCR\TIMER.C(81): error C202: 'PTR': undefined identifier
SCR\TIMER.C(82): error C202: 'PTR': undefined identifier
SCR\TIMER.C(106): error C202: 'DELAY_X': undefined identifier
SCR\TIMER.C(107): error C202: 'DELAY_Y': undefined identifier
目标未创建
Build target '目标 1'
assembling STARTUP.A51...
compiling AdcDrv.c...
compiling Calibration.c...
compiling CmdSub.c...
compiling Comm.c...
compiling Delay.c...
compiling Filter.c...
compiling Flash.c...
SCR\FLASH.C(412): warning C206: 'SetAngXUsrZero': missing function-prototype
SCR\FLASH.C(412): error C267: 'SetAngXUsrZero': requires ANSI-style prototype
compiling Init.c...
SCR\INIT.C(37): error C202: 'KeyEnb': undefined identifier
SCR\INIT.C(38): error C202: 'LedMode': undefined identifier
compiling Main.c...
SCR\MAIN.C(29): warning C206: 'LED_GREEN_ON': missing function-prototype
SCR\MAIN.C(30): warning C206: 'LED_RED_ON': missing function-prototype
SCR\MAIN.C(31): warning C206: 'LED_S_ON': missing function-prototype
SCR\MAIN.C(49): warning C206: 'Key_Proc': missing function-prototype
SCR\MAIN.C(50): warning C206: 'AngProc': missing function-prototype
compiling ModBusCrc.c...
compiling ModBusRtu.c...
SCR\MODBUSRTU.C(110): warning C206: 'GetAngXRelSys': missing function-prototype
SCR\MODBUSRTU.C(110): warning C206: 'SetAngXUsrZero': missing function-prototype
SCR\MODBUSRTU.C(110): error C267: 'SetAngXUsrZero': requires ANSI-style prototype
compiling Send.c...
SCR\SEND.C(175): warning C206: 'SetAngXSysZero': missing function-prototype
SCR\SEND.C(175): error C267: 'SetAngXSysZero': requires ANSI-style prototype
compiling Sensor.c...
compiling Sub.c...
SCR\SUB.C(130): warning C206: 'GetXAngAllSetVal': missing function-prototype
SCR\SUB.C(134): warning C206: 'GetYAngAllSetVal': missing function-prototype
SCR\SUB.C(152): warning C206: 'GetAngP': missing function-prototype
compiling Timer.c...
SCR\TIMER.C(64): error C141: syntax error near '*', expected ')'
SCR\TIMER.C(66): error C202: 'PTR': undefined identifier
SCR\TIMER.C(68): error C202: 'PTR': undefined identifier
SCR\TIMER.C(70): error C202: 'PTR': undefined identifier
SCR\TIMER.C(71): error C202: 'PTR': undefined identifier
SCR\TIMER.C(77): error C202: 'PTR': undefined identifier
SCR\TIMER.C(79): error C202: 'PTR': undefined identifier
SCR\TIMER.C(81): error C202: 'PTR': undefined identifier
SCR\TIMER.C(82): error C202: 'PTR': undefined identifier
SCR\TIMER.C(106): error C202: 'DELAY_X': undefined identifier
SCR\TIMER.C(107): error C202: 'DELAY_Y': undefined identifier
目标未创建
Build target '目标 1'
assembling STARTUP.A51...
compiling AdcDrv.c...
compiling Calibration.c...
compiling CmdSub.c...
compiling Comm.c...
compiling Delay.c...
compiling Filter.c...
compiling Flash.c...
compiling Init.c...
SCR\INIT.C(37): error C202: 'KeyEnb': undefined identifier
SCR\INIT.C(38): error C202: 'LedMode': undefined identifier
compiling Main.c...
SCR\MAIN.C(29): warning C206: 'LED_GREEN_ON': missing function-prototype
SCR\MAIN.C(30): warning C206: 'LED_RED_ON': missing function-prototype
SCR\MAIN.C(31): warning C206: 'LED_S_ON': missing function-prototype
SCR\MAIN.C(49): warning C206: 'Key_Proc': missing function-prototype
SCR\MAIN.C(50): warning C206: 'AngProc': missing function-prototype
compiling ModBusCrc.c...
compiling ModBusRtu.c...
SCR\MODBUSRTU.C(110): warning C206: 'GetAngXRelSys': missing function-prototype
SCR\MODBUSRTU.C(110): warning C206: 'SetAngXUsrZero': missing function-prototype
SCR\MODBUSRTU.C(110): error C267: 'SetAngXUsrZero': requires ANSI-style prototype
compiling Send.c...
SCR\SEND.C(175): warning C206: 'SetAngXSysZero': missing function-prototype
SCR\SEND.C(175): error C267: 'SetAngXSysZero': requires ANSI-style prototype
compiling Sensor.c...
compiling Sub.c...
SCR\SUB.C(130): warning C206: 'GetXAngAllSetVal': missing function-prototype
SCR\SUB.C(134): warning C206: 'GetYAngAllSetVal': missing function-prototype
SCR\SUB.C(152): warning C206: 'GetAngP': missing function-prototype
compiling Timer.c...
SCR\TIMER.C(64): error C141: syntax error near '*', expected ')'
SCR\TIMER.C(66): error C202: 'PTR': undefined identifier
SCR\TIMER.C(68): error C202: 'PTR': undefined identifier
SCR\TIMER.C(70): error C202: 'PTR': undefined identifier
SCR\TIMER.C(71): error C202: 'PTR': undefined identifier
SCR\TIMER.C(77): error C202: 'PTR': undefined identifier
SCR\TIMER.C(79): error C202: 'PTR': undefined identifier
SCR\TIMER.C(81): error C202: 'PTR': undefined identifier
SCR\TIMER.C(82): error C202: 'PTR': undefined identifier
SCR\TIMER.C(106): error C202: 'DELAY_X': undefined identifier
SCR\TIMER.C(107): error C202: 'DELAY_Y': undefined identifier
目标未创建
Build target '目标 1'
assembling STARTUP.A51...
compiling AdcDrv.c...
compiling Calibration.c...
compiling CmdSub.c...
compiling Comm.c...
compiling Delay.c...
compiling Filter.c...
compiling Flash.c...
compiling Init.c...
SCR\INIT.C(37): error C202: 'LedMode': undefined identifier
compiling Main.c...
SCR\MAIN.C(29): warning C206: 'LED_GREEN_ON': missing function-prototype
SCR\MAIN.C(30): warning C206: 'LED_RED_ON': missing function-prototype
SCR\MAIN.C(31): warning C206: 'LED_S_ON': missing function-prototype
SCR\MAIN.C(49): warning C206: 'Key_Proc': missing function-prototype
SCR\MAIN.C(50): warning C206: 'AngProc': missing function-prototype
compiling ModBusCrc.c...
compiling ModBusRtu.c...
SCR\MODBUSRTU.C(110): warning C206: 'GetAngXRelSys': missing function-prototype
SCR\MODBUSRTU.C(110): warning C206: 'SetAngXUsrZero': missing function-prototype
SCR\MODBUSRTU.C(110): error C267: 'SetAngXUsrZero': requires ANSI-style prototype
compiling Send.c...
SCR\SEND.C(175): warning C206: 'SetAngXSysZero': missing function-prototype
SCR\SEND.C(175): error C267: 'SetAngXSysZero': requires ANSI-style prototype
compiling Sensor.c...
compiling Sub.c...
SCR\SUB.C(130): warning C206: 'GetXAngAllSetVal': missing function-prototype
SCR\SUB.C(134): warning C206: 'GetYAngAllSetVal': missing function-prototype
SCR\SUB.C(152): warning C206: 'GetAngP': missing function-prototype
compiling Timer.c...
SCR\TIMER.C(64): error C141: syntax error near '*', expected ')'
SCR\TIMER.C(66): error C202: 'PTR': undefined identifier
SCR\TIMER.C(68): error C202: 'PTR': undefined identifier
SCR\TIMER.C(70): error C202: 'PTR': undefined identifier
SCR\TIMER.C(71): error C202: 'PTR': undefined identifier
SCR\TIMER.C(77): error C202: 'PTR': undefined identifier
SCR\TIMER.C(79): error C202: 'PTR': undefined identifier
SCR\TIMER.C(81): error C202: 'PTR': undefined identifier
SCR\TIMER.C(82): error C202: 'PTR': undefined identifier
SCR\TIMER.C(106): error C202: 'DELAY_X': undefined identifier
SCR\TIMER.C(107): error C202: 'DELAY_Y': undefined identifier
目标未创建
Build target '目标 1'
assembling STARTUP.A51...
compiling AdcDrv.c...
compiling Calibration.c...
compiling CmdSub.c...
compiling Comm.c...
compiling Delay.c...
compiling Filter.c...
compiling Flash.c...
compiling Init.c...
SCR\INIT.C(82): warning C206: 'AngInit': missing function-prototype
compiling Main.c...
SCR\MAIN.C(29): warning C206: 'LED_GREEN_ON': missing function-prototype
SCR\MAIN.C(30): warning C206: 'LED_RED_ON': missing function-prototype
SCR\MAIN.C(31): warning C206: 'LED_S_ON': missing function-prototype
SCR\MAIN.C(49): warning C206: 'Key_Proc': missing function-prototype
SCR\MAIN.C(50): warning C206: 'AngProc': missing function-prototype
compiling ModBusCrc.c...
compiling ModBusRtu.c...
SCR\MODBUSRTU.C(110): warning C206: 'GetAngXRelSys': missing function-prototype
SCR\MODBUSRTU.C(110): warning C206: 'SetAngXUsrZero': missing function-prototype
SCR\MODBUSRTU.C(110): error C267: 'SetAngXUsrZero': requires ANSI-style prototype
compiling Send.c...
SCR\SEND.C(175): warning C206: 'SetAngXSysZero': missing function-prototype
SCR\SEND.C(175): error C267: 'SetAngXSysZero': requires ANSI-style prototype
compiling Sensor.c...
compiling Sub.c...
SCR\SUB.C(130): warning C206: 'GetXAngAllSetVal': missing function-prototype
SCR\SUB.C(134): warning C206: 'GetYAngAllSetVal': missing function-prototype
SCR\SUB.C(152): warning C206: 'GetAngP': missing function-prototype
compiling Timer.c...
SCR\TIMER.C(64): error C141: syntax error near '*', expected ')'
SCR\TIMER.C(66): error C202: 'PTR': undefined identifier
SCR\TIMER.C(68): error C202: 'PTR': undefined identifier
SCR\TIMER.C(70): error C202: 'PTR': undefined identifier
SCR\TIMER.C(71): error C202: 'PTR': undefined identifier
SCR\TIMER.C(77): error C202: 'PTR': undefined identifier
SCR\TIMER.C(79): error C202: 'PTR': undefined identifier
SCR\TIMER.C(81): error C202: 'PTR': undefined identifier
SCR\TIMER.C(82): error C202: 'PTR': undefined identifier
SCR\TIMER.C(106): error C202: 'DELAY_X': undefined identifier
SCR\TIMER.C(107): error C202: 'DELAY_Y': undefined identifier
目标未创建
Build target '目标 1'
assembling STARTUP.A51...
compiling AdcDrv.c...
compiling Calibration.c...
compiling CmdSub.c...
compiling Comm.c...
compiling Delay.c...
compiling Filter.c...
compiling Flash.c...
compiling Init.c...
compiling Main.c...
SCR\MAIN.C(29): warning C206: 'LED_GREEN_ON': missing function-prototype
SCR\MAIN.C(30): warning C206: 'LED_RED_ON': missing function-prototype
SCR\MAIN.C(31): warning C206: 'LED_S_ON': missing function-prototype
SCR\MAIN.C(49): warning C206: 'Key_Proc': missing function-prototype
SCR\MAIN.C(50): warning C206: 'AngProc': missing function-prototype
compiling ModBusCrc.c...
compiling ModBusRtu.c...
SCR\MODBUSRTU.C(110): warning C206: 'GetAngXRelSys': missing function-prototype
SCR\MODBUSRTU.C(110): warning C206: 'SetAngXUsrZero': missing function-prototype
SCR\MODBUSRTU.C(110): error C267: 'SetAngXUsrZero': requires ANSI-style prototype
compiling Send.c...
SCR\SEND.C(175): warning C206: 'SetAngXSysZero': missing function-prototype
SCR\SEND.C(175): error C267: 'SetAngXSysZero': requires ANSI-style prototype
compiling Sensor.c...
compiling Sub.c...
SCR\SUB.C(130): warning C206: 'GetXAngAllSetVal': missing function-prototype
SCR\SUB.C(134): warning C206: 'GetYAngAllSetVal': missing function-prototype
SCR\SUB.C(152): warning C206: 'GetAngP': missing function-prototype
compiling Timer.c...
SCR\TIMER.C(64): error C141: syntax error near '*', expected ')'
SCR\TIMER.C(66): error C202: 'PTR': undefined identifier
SCR\TIMER.C(68): error C202: 'PTR': undefined identifier
SCR\TIMER.C(70): error C202: 'PTR': undefined identifier
SCR\TIMER.C(71): error C202: 'PTR': undefined identifier
SCR\TIMER.C(77): error C202: 'PTR': undefined identifier
SCR\TIMER.C(79): error C202: 'PTR': undefined identifier
SCR\TIMER.C(81): error C202: 'PTR': undefined identifier
SCR\TIMER.C(82): error C202: 'PTR': undefined identifier
SCR\TIMER.C(106): error C202: 'DELAY_X': undefined identifier
SCR\TIMER.C(107): error C202: 'DELAY_Y': undefined identifier
目标未创建
Build target '目标 1'
assembling STARTUP.A51...
compiling AdcDrv.c...
compiling Calibration.c...
compiling CmdSub.c...
compiling Comm.c...
compiling Delay.c...
compiling Filter.c...
compiling Flash.c...
compiling Init.c...
compiling Main.c...
SCR\MAIN.C(36): warning C206: 'Main_Temp': missing function-prototype
SCR\MAIN.C(43): warning C206: 'Key_Proc': missing function-prototype
SCR\MAIN.C(44): warning C206: 'AngProc': missing function-prototype
compiling ModBusCrc.c...
compiling ModBusRtu.c...
SCR\MODBUSRTU.C(110): warning C206: 'GetAngXRelSys': missing function-prototype
SCR\MODBUSRTU.C(110): warning C206: 'SetAngXUsrZero': missing function-prototype
SCR\MODBUSRTU.C(110): error C267: 'SetAngXUsrZero': requires ANSI-style prototype
compiling Send.c...
SCR\SEND.C(175): warning C206: 'SetAngXSysZero': missing function-prototype
SCR\SEND.C(175): error C267: 'SetAngXSysZero': requires ANSI-style prototype
compiling Sensor.c...
compiling Sub.c...
SCR\SUB.C(130): warning C206: 'GetXAngAllSetVal': missing function-prototype
SCR\SUB.C(134): warning C206: 'GetYAngAllSetVal': missing function-prototype
SCR\SUB.C(152): warning C206: 'GetAngP': missing function-prototype
compiling Timer.c...
SCR\TIMER.C(64): error C141: syntax error near '*', expected ')'
SCR\TIMER.C(66): error C202: 'PTR': undefined identifier
SCR\TIMER.C(68): error C202: 'PTR': undefined identifier
SCR\TIMER.C(70): error C202: 'PTR': undefined identifier
SCR\TIMER.C(71): error C202: 'PTR': undefined identifier
SCR\TIMER.C(77): error C202: 'PTR': undefined identifier
SCR\TIMER.C(79): error C202: 'PTR': undefined identifier
SCR\TIMER.C(81): error C202: 'PTR': undefined identifier
SCR\TIMER.C(82): error C202: 'PTR': undefined identifier
SCR\TIMER.C(106): error C202: 'DELAY_X': undefined identifier
SCR\TIMER.C(107): error C202: 'DELAY_Y': undefined identifier
目标未创建
Build target '目标 1'
assembling STARTUP.A51...
compiling AdcDrv.c...
compiling Calibration.c...
compiling CmdSub.c...
compiling Comm.c...
compiling Delay.c...
compiling Filter.c...
compiling Flash.c...
compiling Init.c...
compiling Main.c...
SCR\MAIN.C(42): warning C206: 'Key_Proc': missing function-prototype
SCR\MAIN.C(43): warning C206: 'AngProc': missing function-prototype
compiling ModBusCrc.c...
compiling ModBusRtu.c...
SCR\MODBUSRTU.C(110): warning C206: 'GetAngXRelSys': missing function-prototype
SCR\MODBUSRTU.C(110): warning C206: 'SetAngXUsrZero': missing function-prototype
SCR\MODBUSRTU.C(110): error C267: 'SetAngXUsrZero': requires ANSI-style prototype
compiling Send.c...
SCR\SEND.C(175): warning C206: 'SetAngXSysZero': missing function-prototype
SCR\SEND.C(175): error C267: 'SetAngXSysZero': requires ANSI-style prototype
compiling Sensor.c...
compiling Sub.c...
SCR\SUB.C(130): warning C206: 'GetXAngAllSetVal': missing function-prototype
SCR\SUB.C(134): warning C206: 'GetYAngAllSetVal': missing function-prototype
SCR\SUB.C(152): warning C206: 'GetAngP': missing function-prototype
compiling Timer.c...
SCR\TIMER.C(64): error C141: syntax error near '*', expected ')'
SCR\TIMER.C(66): error C202: 'PTR': undefined identifier
SCR\TIMER.C(68): error C202: 'PTR': undefined identifier
SCR\TIMER.C(70): error C202: 'PTR': undefined identifier
SCR\TIMER.C(71): error C202: 'PTR': undefined identifier
SCR\TIMER.C(77): error C202: 'PTR': undefined identifier
SCR\TIMER.C(79): error C202: 'PTR': undefined identifier
SCR\TIMER.C(81): error C202: 'PTR': undefined identifier
SCR\TIMER.C(82): error C202: 'PTR': undefined identifier
SCR\TIMER.C(106): error C202: 'DELAY_X': undefined identifier
SCR\TIMER.C(107): error C202: 'DELAY_Y': undefined identifier
目标未创建
Build target '目标 1'
assembling STARTUP.A51...
compiling AdcDrv.c...
compiling Calibration.c...
compiling CmdSub.c...
compiling Comm.c...
compiling Delay.c...
compiling Filter.c...
compiling Flash.c...
compiling Init.c...
compiling Main.c...
compiling ModBusCrc.c...
compiling ModBusRtu.c...
SCR\MODBUSRTU.C(110): warning C206: 'GetAngXRelSys': missing function-prototype
SCR\MODBUSRTU.C(110): warning C206: 'SetAngXUsrZero': missing function-prototype
SCR\MODBUSRTU.C(110): error C267: 'SetAngXUsrZero': requires ANSI-style prototype
compiling Send.c...
SCR\SEND.C(175): warning C206: 'SetAngXSysZero': missing function-prototype
SCR\SEND.C(175): error C267: 'SetAngXSysZero': requires ANSI-style prototype
compiling Sensor.c...
compiling Sub.c...
SCR\SUB.C(130): warning C206: 'GetXAngAllSetVal': missing function-prototype
SCR\SUB.C(134): warning C206: 'GetYAngAllSetVal': missing function-prototype
SCR\SUB.C(152): warning C206: 'GetAngP': missing function-prototype
compiling Timer.c...
SCR\TIMER.C(64): error C141: syntax error near '*', expected ')'
SCR\TIMER.C(66): error C202: 'PTR': undefined identifier
SCR\TIMER.C(68): error C202: 'PTR': undefined identifier
SCR\TIMER.C(70): error C202: 'PTR': undefined identifier
SCR\TIMER.C(71): error C202: 'PTR': undefined identifier
SCR\TIMER.C(77): error C202: 'PTR': undefined identifier
SCR\TIMER.C(79): error C202: 'PTR': undefined identifier
SCR\TIMER.C(81): error C202: 'PTR': undefined identifier
SCR\TIMER.C(82): error C202: 'PTR': undefined identifier
SCR\TIMER.C(106): error C202: 'DELAY_X': undefined identifier
SCR\TIMER.C(107): error C202: 'DELAY_Y': undefined identifier
目标未创建
Build target '目标 1'
assembling STARTUP.A51...
compiling AdcDrv.c...
compiling Calibration.c...
compiling CmdSub.c...
compiling Comm.c...
compiling Delay.c...
compiling Filter.c...
compiling Flash.c...
compiling Init.c...
compiling Main.c...
compiling ModBusCrc.c...
compiling ModBusRtu.c...
SCR\MODBUSRTU.C(171): warning C206: 'SetAngXInst': missing function-prototype
SCR\MODBUSRTU.C(171): error C267: 'SetAngXInst': requires ANSI-style prototype
compiling Send.c...
SCR\SEND.C(175): warning C206: 'SetAngXSysZero': missing function-prototype
SCR\SEND.C(175): error C267: 'SetAngXSysZero': requires ANSI-style prototype
compiling Sensor.c...
compiling Sub.c...
SCR\SUB.C(130): warning C206: 'GetXAngAllSetVal': missing function-prototype
SCR\SUB.C(134): warning C206: 'GetYAngAllSetVal': missing function-prototype
SCR\SUB.C(152): warning C206: 'GetAngP': missing function-prototype
compiling Timer.c...
SCR\TIMER.C(64): error C141: syntax error near '*', expected ')'
SCR\TIMER.C(66): error C202: 'PTR': undefined identifier
SCR\TIMER.C(68): error C202: 'PTR': undefined identifier
SCR\TIMER.C(70): error C202: 'PTR': undefined identifier
SCR\TIMER.C(71): error C202: 'PTR': undefined identifier
SCR\TIMER.C(77): error C202: 'PTR': undefined identifier
SCR\TIMER.C(79): error C202: 'PTR': undefined identifier
SCR\TIMER.C(81): error C202: 'PTR': undefined identifier
SCR\TIMER.C(82): error C202: 'PTR': undefined identifier
SCR\TIMER.C(106): error C202: 'DELAY_X': undefined identifier
SCR\TIMER.C(107): error C202: 'DELAY_Y': undefined identifier
目标未创建
Build target '目标 1'
assembling STARTUP.A51...
compiling AdcDrv.c...
compiling Calibration.c...
compiling CmdSub.c...
compiling Comm.c...
compiling Delay.c...
compiling Filter.c...
compiling Flash.c...
compiling Init.c...
compiling Main.c...
compiling ModBusCrc.c...
compiling ModBusRtu.c...
SCR\MODBUSRTU.C(215): warning C206: 'SetAngXSet': missing function-prototype
SCR\MODBUSRTU.C(215): error C267: 'SetAngXSet': requires ANSI-style prototype
compiling Send.c...
SCR\SEND.C(175): warning C206: 'SetAngXSysZero': missing function-prototype
SCR\SEND.C(175): error C267: 'SetAngXSysZero': requires ANSI-style prototype
compiling Sensor.c...
compiling Sub.c...
SCR\SUB.C(130): warning C206: 'GetXAngAllSetVal': missing function-prototype
SCR\SUB.C(134): warning C206: 'GetYAngAllSetVal': missing function-prototype
SCR\SUB.C(152): warning C206: 'GetAngP': missing function-prototype
compiling Timer.c...
SCR\TIMER.C(64): error C141: syntax error near '*', expected ')'
SCR\TIMER.C(66): error C202: 'PTR': undefined identifier
SCR\TIMER.C(68): error C202: 'PTR': undefined identifier
SCR\TIMER.C(70): error C202: 'PTR': undefined identifier
SCR\TIMER.C(71): error C202: 'PTR': undefined identifier
SCR\TIMER.C(77): error C202: 'PTR': undefined identifier
SCR\TIMER.C(79): error C202: 'PTR': undefined identifier
SCR\TIMER.C(81): error C202: 'PTR': undefined identifier
SCR\TIMER.C(82): error C202: 'PTR': undefined identifier
SCR\TIMER.C(106): error C202: 'DELAY_X': undefined identifier
SCR\TIMER.C(107): error C202: 'DELAY_Y': undefined identifier
目标未创建
Build target '目标 1'
assembling STARTUP.A51...
compiling AdcDrv.c...
compiling Calibration.c...
compiling CmdSub.c...
compiling Comm.c...
compiling Delay.c...
compiling Filter.c...
compiling Flash.c...
compiling Init.c...
compiling Main.c...
compiling ModBusCrc.c...
compiling ModBusRtu.c...
SCR\MODBUSRTU.C(220): warning C206: 'SetAngYSet': missing function-prototype
SCR\MODBUSRTU.C(220): error C267: 'SetAngYSet': requires ANSI-style prototype
compiling Send.c...
SCR\SEND.C(175): warning C206: 'SetAngXSysZero': missing function-prototype
SCR\SEND.C(175): error C267: 'SetAngXSysZero': requires ANSI-style prototype
compiling Sensor.c...
compiling Sub.c...
SCR\SUB.C(130): warning C206: 'GetXAngAllSetVal': missing function-prototype
SCR\SUB.C(134): warning C206: 'GetYAngAllSetVal': missing function-prototype
SCR\SUB.C(152): warning C206: 'GetAngP': missing function-prototype
compiling Timer.c...
SCR\TIMER.C(64): error C141: syntax error near '*', expected ')'
SCR\TIMER.C(66): error C202: 'PTR': undefined identifier
SCR\TIMER.C(68): error C202: 'PTR': undefined identifier
SCR\TIMER.C(70): error C202: 'PTR': undefined identifier
SCR\TIMER.C(71): error C202: 'PTR': undefined identifier
SCR\TIMER.C(77): error C202: 'PTR': undefined identifier
SCR\TIMER.C(79): error C202: 'PTR': undefined identifier
SCR\TIMER.C(81): error C202: 'PTR': undefined identifier
SCR\TIMER.C(82): error C202: 'PTR': undefined identifier
SCR\TIMER.C(106): error C202: 'DELAY_X': undefined identifier
SCR\TIMER.C(107): error C202: 'DELAY_Y': undefined identifier
目标未创建
Build target '目标 1'
assembling STARTUP.A51...
compiling AdcDrv.c...
compiling Calibration.c...
compiling CmdSub.c...
compiling Comm.c...
compiling Delay.c...
compiling Filter.c...
compiling Flash.c...
compiling Init.c...
compiling Main.c...
compiling ModBusCrc.c...
compiling ModBusRtu.c...
SCR\MODBUSRTU.C(221): error C141: syntax error near '}'
compiling Send.c...
SCR\SEND.C(175): warning C206: 'SetAngXSysZero': missing function-prototype
SCR\SEND.C(175): error C267: 'SetAngXSysZero': requires ANSI-style prototype
compiling Sensor.c...
compiling Sub.c...
SCR\SUB.C(130): warning C206: 'GetXAngAllSetVal': missing function-prototype
SCR\SUB.C(134): warning C206: 'GetYAngAllSetVal': missing function-prototype
SCR\SUB.C(152): warning C206: 'GetAngP': missing function-prototype
compiling Timer.c...
SCR\TIMER.C(64): error C141: syntax error near '*', expected ')'
SCR\TIMER.C(66): error C202: 'PTR': undefined identifier
SCR\TIMER.C(68): error C202: 'PTR': undefined identifier
SCR\TIMER.C(70): error C202: 'PTR': undefined identifier
SCR\TIMER.C(71): error C202: 'PTR': undefined identifier
SCR\TIMER.C(77): error C202: 'PTR': undefined identifier
SCR\TIMER.C(79): error C202: 'PTR': undefined identifier
SCR\TIMER.C(81): error C202: 'PTR': undefined identifier
SCR\TIMER.C(82): error C202: 'PTR': undefined identifier
SCR\TIMER.C(106): error C202: 'DELAY_X': undefined identifier
SCR\TIMER.C(107): error C202: 'DELAY_Y': undefined identifier
目标未创建
Build target '目标 1'
assembling STARTUP.A51...
compiling AdcDrv.c...
compiling Calibration.c...
compiling CmdSub.c...
compiling Comm.c...
compiling Delay.c...
compiling Filter.c...
compiling Flash.c...
compiling Init.c...
compiling Main.c...
compiling ModBusCrc.c...
compiling ModBusRtu.c...
SCR\MODBUSRTU.C(365): warning C206: 'SetAngXSysZero': missing function-prototype
SCR\MODBUSRTU.C(365): error C267: 'SetAngXSysZero': requires ANSI-style prototype
compiling Send.c...
SCR\SEND.C(175): warning C206: 'SetAngXSysZero': missing function-prototype
SCR\SEND.C(175): error C267: 'SetAngXSysZero': requires ANSI-style prototype
compiling Sensor.c...
compiling Sub.c...
SCR\SUB.C(130): warning C206: 'GetXAngAllSetVal': missing function-prototype
SCR\SUB.C(134): warning C206: 'GetYAngAllSetVal': missing function-prototype
SCR\SUB.C(152): warning C206: 'GetAngP': missing function-prototype
compiling Timer.c...
SCR\TIMER.C(64): error C141: syntax error near '*', expected ')'
SCR\TIMER.C(66): error C202: 'PTR': undefined identifier
SCR\TIMER.C(68): error C202: 'PTR': undefined identifier
SCR\TIMER.C(70): error C202: 'PTR': undefined identifier
SCR\TIMER.C(71): error C202: 'PTR': undefined identifier
SCR\TIMER.C(77): error C202: 'PTR': undefined identifier
SCR\TIMER.C(79): error C202: 'PTR': undefined identifier
SCR\TIMER.C(81): error C202: 'PTR': undefined identifier
SCR\TIMER.C(82): error C202: 'PTR': undefined identifier
SCR\TIMER.C(106): error C202: 'DELAY_X': undefined identifier
SCR\TIMER.C(107): error C202: 'DELAY_Y': undefined identifier
目标未创建
Build target '目标 1'
assembling STARTUP.A51...
compiling AdcDrv.c...
compiling Calibration.c...
compiling CmdSub.c...
compiling Comm.c...
compiling Delay.c...
compiling Filter.c...
compiling Flash.c...
compiling Init.c...
compiling Main.c...
compiling ModBusCrc.c...
compiling ModBusRtu.c...
SCR\MODBUSRTU.C(519): warning C206: 'GetXAngAllSetVal': missing function-prototype
SCR\MODBUSRTU.C(520): warning C206: 'GetYAngAllSetVal': missing function-prototype
SCR\MODBUSRTU.C(522): warning C206: 'GetAngP': missing function-prototype
SCR\MODBUSRTU.C(524): warning C206: 'GetAngXInst': missing function-prototype
SCR\MODBUSRTU.C(525): warning C206: 'GetAngYInst': missing function-prototype
SCR\MODBUSRTU.C(527): warning C206: 'GetAngXSet': missing function-prototype
SCR\MODBUSRTU.C(528): warning C206: 'GetAngYSet': missing function-prototype
SCR\MODBUSRTU.C(530): warning C206: 'GetAngPSet': missing function-prototype
SCR\MODBUSRTU.C(566): warning C206: 'GetAngXUsrZero': missing function-prototype
SCR\MODBUSRTU.C(568): warning C206: 'GetAngYUsrZero': missing function-prototype
SCR\MODBUSRTU.C(580): error C202: 'EnDlyTime': undefined identifier
SCR\MODBUSRTU.C(581): error C202: 'ExDlyTime': undefined identifier
compiling Send.c...
SCR\SEND.C(175): warning C206: 'SetAngXSysZero': missing function-prototype
SCR\SEND.C(175): error C267: 'SetAngXSysZero': requires ANSI-style prototype
compiling Sensor.c...
compiling Sub.c...
SCR\SUB.C(130): warning C206: 'GetXAngAllSetVal': missing function-prototype
SCR\SUB.C(134): warning C206: 'GetYAngAllSetVal': missing function-prototype
SCR\SUB.C(152): warning C206: 'GetAngP': missing function-prototype
compiling Timer.c...
SCR\TIMER.C(64): error C141: syntax error near '*', expected ')'
SCR\TIMER.C(66): error C202: 'PTR': undefined identifier
SCR\TIMER.C(68): error C202: 'PTR': undefined identifier
SCR\TIMER.C(70): error C202: 'PTR': undefined identifier
SCR\TIMER.C(71): error C202: 'PTR': undefined identifier
SCR\TIMER.C(77): error C202: 'PTR': undefined identifier
SCR\TIMER.C(79): error C202: 'PTR': undefined identifier
SCR\TIMER.C(81): error C202: 'PTR': undefined identifier
SCR\TIMER.C(82): error C202: 'PTR': undefined identifier
SCR\TIMER.C(106): error C202: 'DELAY_X': undefined identifier
SCR\TIMER.C(107): error C202: 'DELAY_Y': undefined identifier
目标未创建
Build target '目标 1'
assembling STARTUP.A51...
compiling AdcDrv.c...
compiling Calibration.c...
compiling CmdSub.c...
compiling Comm.c...
compiling Delay.c...
compiling Filter.c...
compiling Flash.c...
compiling Init.c...
compiling Main.c...
compiling ModBusCrc.c...
compiling ModBusRtu.c...
SCR\MODBUSRTU.C(519): warning C206: 'GetXAngAllSetVal': missing function-prototype
SCR\MODBUSRTU.C(520): warning C206: 'GetYAngAllSetVal': missing function-prototype
SCR\MODBUSRTU.C(522): warning C206: 'GetAngP': missing function-prototype
SCR\MODBUSRTU.C(551): warning C206: 'GetAngXSet': missing function-prototype
SCR\MODBUSRTU.C(553): warning C206: 'GetAngYSet': missing function-prototype
SCR\MODBUSRTU.C(555): warning C206: 'GetAngPSet': missing function-prototype
SCR\MODBUSRTU.C(559): warning C206: 'GetAngXUsrZero': missing function-prototype
SCR\MODBUSRTU.C(561): warning C206: 'GetAngYUsrZero': missing function-prototype
SCR\MODBUSRTU.C(563): warning C206: 'GetAngXInst': missing function-prototype
SCR\MODBUSRTU.C(565): warning C206: 'GetAngYInst': missing function-prototype
SCR\MODBUSRTU.C(573): error C202: 'EnDlyTime': undefined identifier
SCR\MODBUSRTU.C(574): error C202: 'ExDlyTime': undefined identifier
compiling Send.c...
SCR\SEND.C(175): warning C206: 'SetAngXSysZero': missing function-prototype
SCR\SEND.C(175): error C267: 'SetAngXSysZero': requires ANSI-style prototype
compiling Sensor.c...
compiling Sub.c...
SCR\SUB.C(130): warning C206: 'GetXAngAllSetVal': missing function-prototype
SCR\SUB.C(134): warning C206: 'GetYAngAllSetVal': missing function-prototype
SCR\SUB.C(152): warning C206: 'GetAngP': missing function-prototype
compiling Timer.c...
SCR\TIMER.C(64): error C141: syntax error near '*', expected ')'
SCR\TIMER.C(66): error C202: 'PTR': undefined identifier
SCR\TIMER.C(68): error C202: 'PTR': undefined identifier
SCR\TIMER.C(70): error C202: 'PTR': undefined identifier
SCR\TIMER.C(71): error C202: 'PTR': undefined identifier
SCR\TIMER.C(77): error C202: 'PTR': undefined identifier
SCR\TIMER.C(79): error C202: 'PTR': undefined identifier
SCR\TIMER.C(81): error C202: 'PTR': undefined identifier
SCR\TIMER.C(82): error C202: 'PTR': undefined identifier
SCR\TIMER.C(106): error C202: 'DELAY_X': undefined identifier
SCR\TIMER.C(107): error C202: 'DELAY_Y': undefined identifier
目标未创建
Build target '目标 1'
assembling STARTUP.A51...
compiling AdcDrv.c...
compiling Calibration.c...
compiling CmdSub.c...
compiling Comm.c...
compiling Delay.c...
compiling Filter.c...
compiling Flash.c...
compiling Init.c...
compiling Main.c...
compiling ModBusCrc.c...
compiling ModBusRtu.c...
SCR\MODBUSRTU.C(519): warning C206: 'GetXAngAllSetVal': missing function-prototype
SCR\MODBUSRTU.C(520): warning C206: 'GetYAngAllSetVal': missing function-prototype
SCR\MODBUSRTU.C(522): warning C206: 'GetAngP': missing function-prototype
SCR\MODBUSRTU.C(573): error C202: 'EnDlyTime': undefined identifier
SCR\MODBUSRTU.C(574): error C202: 'ExDlyTime': undefined identifier
compiling Send.c...
SCR\SEND.C(175): warning C206: 'SetAngXSysZero': missing function-prototype
SCR\SEND.C(175): error C267: 'SetAngXSysZero': requires ANSI-style prototype
compiling Sensor.c...
compiling Sub.c...
SCR\SUB.C(130): warning C206: 'GetXAngAllSetVal': missing function-prototype
SCR\SUB.C(134): warning C206: 'GetYAngAllSetVal': missing function-prototype
SCR\SUB.C(152): warning C206: 'GetAngP': missing function-prototype
compiling Timer.c...
SCR\TIMER.C(64): error C141: syntax error near '*', expected ')'
SCR\TIMER.C(66): error C202: 'PTR': undefined identifier
SCR\TIMER.C(68): error C202: 'PTR': undefined identifier
SCR\TIMER.C(70): error C202: 'PTR': undefined identifier
SCR\TIMER.C(71): error C202: 'PTR': undefined identifier
SCR\TIMER.C(77): error C202: 'PTR': undefined identifier
SCR\TIMER.C(79): error C202: 'PTR': undefined identifier
SCR\TIMER.C(81): error C202: 'PTR': undefined identifier
SCR\TIMER.C(82): error C202: 'PTR': undefined identifier
SCR\TIMER.C(106): error C202: 'DELAY_X': undefined identifier
SCR\TIMER.C(107): error C202: 'DELAY_Y': undefined identifier
目标未创建
Build target '目标 1'
assembling STARTUP.A51...
compiling AdcDrv.c...
compiling Calibration.c...
compiling CmdSub.c...
compiling Comm.c...
compiling Delay.c...
compiling Filter.c...
compiling Flash.c...
compiling Init.c...
compiling Main.c...
compiling ModBusCrc.c...
compiling ModBusRtu.c...
SCR\MODBUSRTU.C(519): warning C206: 'GetXAngAllSetVal': missing function-prototype
SCR\MODBUSRTU.C(520): warning C206: 'GetYAngAllSetVal': missing function-prototype
SCR\MODBUSRTU.C(522): warning C206: 'GetAngP': missing function-prototype
SCR\MODBUSRTU.C(834): warning C206: 'GetAngXRelSys': missing function-prototype
SCR\MODBUSRTU.C(836): warning C206: 'GetAngYRelSys': missing function-prototype
SCR\MODBUSRTU.C(838): warning C206: 'GetAngXZeroUsr': missing function-prototype
SCR\MODBUSRTU.C(840): warning C206: 'GetAngYZeroUsr': missing function-prototype
SCR\MODBUSRTU.C(848): warning C206: 'GetAngXSet': missing function-prototype
SCR\MODBUSRTU.C(850): warning C206: 'GetAngYSet': missing function-prototype
SCR\MODBUSRTU.C(852): warning C206: 'GetAngPSet': missing function-prototype
SCR\MODBUSRTU.C(856): warning C206: 'GetAngXSysZero': missing function-prototype
SCR\MODBUSRTU.C(858): warning C206: 'GetAngYSysZero': missing function-prototype
SCR\MODBUSRTU.C(860): warning C206: 'GetAngXUsrZero': missing function-prototype
SCR\MODBUSRTU.C(862): warning C206: 'GetAngYUsrZero': missing function-prototype
SCR\MODBUSRTU.C(864): warning C206: 'GetAngXInst': missing function-prototype
SCR\MODBUSRTU.C(866): warning C206: 'GetAngYInst': missing function-prototype
compiling Send.c...
SCR\SEND.C(175): warning C206: 'SetAngXSysZero': missing function-prototype
SCR\SEND.C(175): error C267: 'SetAngXSysZero': requires ANSI-style prototype
compiling Sensor.c...
compiling Sub.c...
SCR\SUB.C(130): warning C206: 'GetXAngAllSetVal': missing function-prototype
SCR\SUB.C(134): warning C206: 'GetYAngAllSetVal': missing function-prototype
SCR\SUB.C(152): warning C206: 'GetAngP': missing function-prototype
compiling Timer.c...
SCR\TIMER.C(64): error C141: syntax error near '*', expected ')'
SCR\TIMER.C(66): error C202: 'PTR': undefined identifier
SCR\TIMER.C(68): error C202: 'PTR': undefined identifier
SCR\TIMER.C(70): error C202: 'PTR': undefined identifier
SCR\TIMER.C(71): error C202: 'PTR': undefined identifier
SCR\TIMER.C(77): error C202: 'PTR': undefined identifier
SCR\TIMER.C(79): error C202: 'PTR': undefined identifier
SCR\TIMER.C(81): error C202: 'PTR': undefined identifier
SCR\TIMER.C(82): error C202: 'PTR': undefined identifier
SCR\TIMER.C(106): error C202: 'DELAY_X': undefined identifier
SCR\TIMER.C(107): error C202: 'DELAY_Y': undefined identifier
目标未创建
Build target '目标 1'
assembling STARTUP.A51...
compiling AdcDrv.c...
compiling Calibration.c...
compiling CmdSub.c...
compiling Comm.c...
compiling Delay.c...
compiling Filter.c...
compiling Flash.c...
compiling Init.c...
compiling Main.c...
compiling ModBusCrc.c...
compiling ModBusRtu.c...
SCR\MODBUSRTU.C(519): warning C206: 'GetXAngAllSetVal': missing function-prototype
SCR\MODBUSRTU.C(520): warning C206: 'GetYAngAllSetVal': missing function-prototype
SCR\MODBUSRTU.C(522): warning C206: 'GetAngP': missing function-prototype
compiling Send.c...
SCR\SEND.C(175): warning C206: 'SetAngXSysZero': missing function-prototype
SCR\SEND.C(175): error C267: 'SetAngXSysZero': requires ANSI-style prototype
compiling Sensor.c...
compiling Sub.c...
SCR\SUB.C(130): warning C206: 'GetXAngAllSetVal': missing function-prototype
SCR\SUB.C(134): warning C206: 'GetYAngAllSetVal': missing function-prototype
SCR\SUB.C(152): warning C206: 'GetAngP': missing function-prototype
compiling Timer.c...
SCR\TIMER.C(64): error C141: syntax error near '*', expected ')'
SCR\TIMER.C(66): error C202: 'PTR': undefined identifier
SCR\TIMER.C(68): error C202: 'PTR': undefined identifier
SCR\TIMER.C(70): error C202: 'PTR': undefined identifier
SCR\TIMER.C(71): error C202: 'PTR': undefined identifier
SCR\TIMER.C(77): error C202: 'PTR': undefined identifier
SCR\TIMER.C(79): error C202: 'PTR': undefined identifier
SCR\TIMER.C(81): error C202: 'PTR': undefined identifier
SCR\TIMER.C(82): error C202: 'PTR': undefined identifier
SCR\TIMER.C(106): error C202: 'DELAY_X': undefined identifier
SCR\TIMER.C(107): error C202: 'DELAY_Y': undefined identifier
目标未创建
Build target '目标 1'
assembling STARTUP.A51...
compiling AdcDrv.c...
compiling Calibration.c...
compiling CmdSub.c...
compiling Comm.c...
compiling Delay.c...
compiling Filter.c...
compiling Flash.c...
compiling Init.c...
compiling Main.c...
compiling ModBusCrc.c...
compiling ModBusRtu.c...
SCR\MODBUSRTU.C(519): warning C206: 'GetXAngAllSetVal': missing function-prototype
SCR\MODBUSRTU.C(520): warning C206: 'GetYAngAllSetVal': missing function-prototype
SCR\MODBUSRTU.C(522): warning C206: 'GetAngP': missing function-prototype
compiling Send.c...
SCR\SEND.C(192): warning C206: 'SetAngYSysZero': missing function-prototype
SCR\SEND.C(192): error C267: 'SetAngYSysZero': requires ANSI-style prototype
compiling Sensor.c...
compiling Sub.c...
SCR\SUB.C(130): warning C206: 'GetXAngAllSetVal': missing function-prototype
SCR\SUB.C(134): warning C206: 'GetYAngAllSetVal': missing function-prototype
SCR\SUB.C(152): warning C206: 'GetAngP': missing function-prototype
compiling Timer.c...
SCR\TIMER.C(64): error C141: syntax error near '*', expected ')'
SCR\TIMER.C(66): error C202: 'PTR': undefined identifier
SCR\TIMER.C(68): error C202: 'PTR': undefined identifier
SCR\TIMER.C(70): error C202: 'PTR': undefined identifier
SCR\TIMER.C(71): error C202: 'PTR': undefined identifier
SCR\TIMER.C(77): error C202: 'PTR': undefined identifier
SCR\TIMER.C(79): error C202: 'PTR': undefined identifier
SCR\TIMER.C(81): error C202: 'PTR': undefined identifier
SCR\TIMER.C(82): error C202: 'PTR': undefined identifier
SCR\TIMER.C(106): error C202: 'DELAY_X': undefined identifier
SCR\TIMER.C(107): error C202: 'DELAY_Y': undefined identifier
目标未创建
Build target '目标 1'
assembling STARTUP.A51...
compiling AdcDrv.c...
compiling Calibration.c...
compiling CmdSub.c...
compiling Comm.c...
compiling Delay.c...
compiling Filter.c...
compiling Flash.c...
compiling Init.c...
compiling Main.c...
compiling ModBusCrc.c...
compiling ModBusRtu.c...
SCR\MODBUSRTU.C(519): warning C206: 'GetXAngAllSetVal': missing function-prototype
SCR\MODBUSRTU.C(520): warning C206: 'GetYAngAllSetVal': missing function-prototype
SCR\MODBUSRTU.C(522): warning C206: 'GetAngP': missing function-prototype
compiling Send.c...
SCR\SEND.C(262): warning C206: 'GetAngXRelSys': missing function-prototype
SCR\SEND.C(262): warning C206: 'SetAngXUsrZero': missing function-prototype
SCR\SEND.C(262): error C267: 'SetAngXUsrZero': requires ANSI-style prototype
compiling Sensor.c...
compiling Sub.c...
SCR\SUB.C(130): warning C206: 'GetXAngAllSetVal': missing function-prototype
SCR\SUB.C(134): warning C206: 'GetYAngAllSetVal': missing function-prototype
SCR\SUB.C(152): warning C206: 'GetAngP': missing function-prototype
compiling Timer.c...
SCR\TIMER.C(64): error C141: syntax error near '*', expected ')'
SCR\TIMER.C(66): error C202: 'PTR': undefined identifier
SCR\TIMER.C(68): error C202: 'PTR': undefined identifier
SCR\TIMER.C(70): error C202: 'PTR': undefined identifier
SCR\TIMER.C(71): error C202: 'PTR': undefined identifier
SCR\TIMER.C(77): error C202: 'PTR': undefined identifier
SCR\TIMER.C(79): error C202: 'PTR': undefined identifier
SCR\TIMER.C(81): error C202: 'PTR': undefined identifier
SCR\TIMER.C(82): error C202: 'PTR': undefined identifier
SCR\TIMER.C(106): error C202: 'DELAY_X': undefined identifier
SCR\TIMER.C(107): error C202: 'DELAY_Y': undefined identifier
目标未创建
Build target '目标 1'
assembling STARTUP.A51...
compiling AdcDrv.c...
compiling Calibration.c...
compiling CmdSub.c...
compiling Comm.c...
compiling Delay.c...
compiling Filter.c...
compiling Flash.c...
compiling Init.c...
compiling Main.c...
compiling ModBusCrc.c...
compiling ModBusRtu.c...
SCR\MODBUSRTU.C(519): warning C206: 'GetXAngAllSetVal': missing function-prototype
SCR\MODBUSRTU.C(520): warning C206: 'GetYAngAllSetVal': missing function-prototype
SCR\MODBUSRTU.C(522): warning C206: 'GetAngP': missing function-prototype
compiling Send.c...
SCR\SEND.C(206): warning C280: 'data_16u': unreferenced local variable
SCR\SEND.C(346): warning C280: 'data_x': unreferenced local variable
SCR\SEND.C(346): warning C280: 'data_y': unreferenced local variable
SCR\SEND.C(347): warning C280: 'data_t': unreferenced local variable
compiling Sensor.c...
compiling Sub.c...
SCR\SUB.C(130): warning C206: 'GetXAngAllSetVal': missing function-prototype
SCR\SUB.C(134): warning C206: 'GetYAngAllSetVal': missing function-prototype
SCR\SUB.C(152): warning C206: 'GetAngP': missing function-prototype
compiling Timer.c...
SCR\TIMER.C(64): error C141: syntax error near '*', expected ')'
SCR\TIMER.C(66): error C202: 'PTR': undefined identifier
SCR\TIMER.C(68): error C202: 'PTR': undefined identifier
SCR\TIMER.C(70): error C202: 'PTR': undefined identifier
SCR\TIMER.C(71): error C202: 'PTR': undefined identifier
SCR\TIMER.C(77): error C202: 'PTR': undefined identifier
SCR\TIMER.C(79): error C202: 'PTR': undefined identifier
SCR\TIMER.C(81): error C202: 'PTR': undefined identifier
SCR\TIMER.C(82): error C202: 'PTR': undefined identifier
SCR\TIMER.C(106): error C202: 'DELAY_X': undefined identifier
SCR\TIMER.C(107): error C202: 'DELAY_Y': undefined identifier
目标未创建
Build target '目标 1'
assembling STARTUP.A51...
compiling AdcDrv.c...
compiling Calibration.c...
compiling CmdSub.c...
compiling Comm.c...
compiling Delay.c...
compiling Filter.c...
compiling Flash.c...
compiling Init.c...
compiling Main.c...
compiling ModBusCrc.c...
compiling ModBusRtu.c...
SCR\MODBUSRTU.C(519): warning C206: 'GetXAngAllSetVal': missing function-prototype
SCR\MODBUSRTU.C(520): warning C206: 'GetYAngAllSetVal': missing function-prototype
SCR\MODBUSRTU.C(522): warning C206: 'GetAngP': missing function-prototype
compiling Send.c...
compiling Sensor.c...
compiling Sub.c...
SCR\SUB.C(130): warning C206: 'GetXAngAllSetVal': missing function-prototype
SCR\SUB.C(134): warning C206: 'GetYAngAllSetVal': missing function-prototype
SCR\SUB.C(152): warning C206: 'GetAngP': missing function-prototype
compiling Timer.c...
SCR\TIMER.C(64): error C141: syntax error near '*', expected ')'
SCR\TIMER.C(66): error C202: 'PTR': undefined identifier
SCR\TIMER.C(68): error C202: 'PTR': undefined identifier
SCR\TIMER.C(70): error C202: 'PTR': undefined identifier
SCR\TIMER.C(71): error C202: 'PTR': undefined identifier
SCR\TIMER.C(77): error C202: 'PTR': undefined identifier
SCR\TIMER.C(79): error C202: 'PTR': undefined identifier
SCR\TIMER.C(81): error C202: 'PTR': undefined identifier
SCR\TIMER.C(82): error C202: 'PTR': undefined identifier
SCR\TIMER.C(106): error C202: 'DELAY_X': undefined identifier
SCR\TIMER.C(107): error C202: 'DELAY_Y': undefined identifier
目标未创建
Build target '目标 1'
assembling STARTUP.A51...
compiling AdcDrv.c...
compiling Calibration.c...
compiling CmdSub.c...
compiling Comm.c...
compiling Delay.c...
compiling Filter.c...
compiling Flash.c...
compiling Init.c...
compiling Main.c...
compiling ModBusCrc.c...
compiling ModBusRtu.c...
SCR\MODBUSRTU.C(519): warning C206: 'GetXAngAllSetVal': missing function-prototype
SCR\MODBUSRTU.C(520): warning C206: 'GetYAngAllSetVal': missing function-prototype
SCR\MODBUSRTU.C(522): warning C206: 'GetAngP': missing function-prototype
compiling Send.c...
compiling Sensor.c...
compiling Sub.c...
SCR\SUB.C(130): warning C206: 'GetXAngAllSetVal': missing function-prototype
SCR\SUB.C(134): warning C206: 'GetYAngAllSetVal': missing function-prototype
SCR\SUB.C(152): warning C206: 'GetAngP': missing function-prototype
compiling Timer.c...
SCR\TIMER.C(83): error C202: 'DELAY_X': undefined identifier
SCR\TIMER.C(84): error C202: 'DELAY_Y': undefined identifier
目标未创建
Build target '目标 1'
assembling STARTUP.A51...
compiling AdcDrv.c...
compiling Calibration.c...
compiling CmdSub.c...
compiling Comm.c...
compiling Delay.c...
compiling Filter.c...
compiling Flash.c...
compiling Init.c...
compiling Main.c...
compiling ModBusCrc.c...
compiling ModBusRtu.c...
SCR\MODBUSRTU.C(519): warning C206: 'GetXAngAllSetVal': missing function-prototype
SCR\MODBUSRTU.C(520): warning C206: 'GetYAngAllSetVal': missing function-prototype
SCR\MODBUSRTU.C(522): warning C206: 'GetAngP': missing function-prototype
compiling Send.c...
compiling Sensor.c...
compiling Sub.c...
SCR\SUB.C(130): warning C206: 'GetXAngAllSetVal': missing function-prototype
SCR\SUB.C(134): warning C206: 'GetYAngAllSetVal': missing function-prototype
SCR\SUB.C(152): warning C206: 'GetAngP': missing function-prototype
compiling Timer.c...
SCR\TIMER.C(87): warning C206: 'LedFlashProc': missing function-prototype
linking...
*** WARNING L16: UNCALLED SEGMENT, IGNORED FOR OVERLAY PROCESS
    SEGMENT: ?PR?TEMP_CALSTA?CMDSUB
*** WARNING L16: UNCALLED SEGMENT, IGNORED FOR OVERLAY PROCESS
    SEGMENT: ?PR?_TEMP_CALSAMP?CMDSUB
*** WARNING L16: UNCALLED SEGMENT, IGNORED FOR OVERLAY PROCESS
    SEGMENT: ?PR?_TEMP_CALTREFSET?CMDSUB
*** WARNING L16: UNCALLED SEGMENT, IGNORED FOR OVERLAY PROCESS
    SEGMENT: ?PR?_DELAY_CYC?DELAY
*** WARNING L16: UNCALLED SEGMENT, IGNORED FOR OVERLAY PROCESS
    SEGMENT: ?PR?_MODRTU_WR16U?MODBUSRTU
*** WARNING L16: UNCALLED SEGMENT, IGNORED FOR OVERLAY PROCESS
    SEGMENT: ?PR?SNINIT?SENSOR
*** WARNING L16: UNCALLED SEGMENT, IGNORED FOR OVERLAY PROCESS
    SEGMENT: ?PR?_SUB_SENDENTERDLY?SUB
*** WARNING L16: UNCALLED SEGMENT, IGNORED FOR OVERLAY PROCESS
    SEGMENT: ?PR?_SUB_SENDEXITDLY?SUB
*** WARNING L16: UNCALLED SEGMENT, IGNORED FOR OVERLAY PROCESS
    SEGMENT: ?PR?_SUB_SENDTEMPCAL?SUB
*** WARNING L16: UNCALLED SEGMENT, IGNORED FOR OVERLAY PROCESS
    SEGMENT: ?PR?_SUB_SENDOFFSET?SUB
*** WARNING L16: UNCALLED SEGMENT, IGNORED FOR OVERLAY PROCESS
    SEGMENT: ?PR?_SUB_STR2INT16S?SUB
*** WARNING L16: UNCALLED SEGMENT, IGNORED FOR OVERLAY PROCESS
    SEGMENT: ?PR?_SUB_STRALARMCHECK?SUB
*** ERROR L107: ADDRESS SPACE OVERFLOW
    SPACE:   DATA    
    SEGMENT: ?DT?_TEMP_CALSAMP?CMDSUB
    LENGTH:  0007H
*** ERROR L107: ADDRESS SPACE OVERFLOW
    SPACE:   DATA    
    SEGMENT: ?DT?_FILTER_1ST?FILTER
    LENGTH:  0007H
*** ERROR L107: ADDRESS SPACE OVERFLOW
    SPACE:   DATA    
    SEGMENT: ?DT?_ANG_CALC?SENSOR
    LENGTH:  0007H
*** ERROR L107: ADDRESS SPACE OVERFLOW
    SPACE:   DATA    
    SEGMENT: ?DT?_TEMP_WRTEMPVAL?CALIBRATION
    LENGTH:  0006H
*** ERROR L107: ADDRESS SPACE OVERFLOW
    SPACE:   DATA    
    SEGMENT: ?DT?_TEMP_WRADCVAL?CALIBRATION
    LENGTH:  0006H
*** ERROR L107: ADDRESS SPACE OVERFLOW
    SPACE:   DATA    
    SEGMENT: ?DT?_SNFILTER?SENSOR
    LENGTH:  0006H
*** ERROR L107: ADDRESS SPACE OVERFLOW
    SPACE:   DATA    
    SEGMENT: ?DT?_GETOFFSET?SENSOR
    LENGTH:  0006H
*** ERROR L107: ADDRESS SPACE OVERFLOW
    SPACE:   DATA    
    SEGMENT: ?DT?_GETANGCALCVAL?SENSOR
    LENGTH:  0006H
*** ERROR L107: ADDRESS SPACE OVERFLOW
    SPACE:   DATA    
    SEGMENT: ?DT?_SUB_SENDADCTXY?SUB
    LENGTH:  0006H
*** ERROR L107: ADDRESS SPACE OVERFLOW
    SPACE:   DATA    
    SEGMENT: ?DT?_SUB_STR2INT16U?SUB
    LENGTH:  0006H
*** ERROR L107: ADDRESS SPACE OVERFLOW
    SPACE:   DATA    
    SEGMENT: ?DT?_SUB_STRALARMCHECK?SUB
    LENGTH:  0006H
*** ERROR L107: ADDRESS SPACE OVERFLOW
    SPACE:   DATA    
    SEGMENT: ?DT?CMDSUB
    LENGTH:  0004H
*** ERROR L107: ADDRESS SPACE OVERFLOW
    SPACE:   DATA    
    SEGMENT: ?DT?SQRT?SQRT
    LENGTH:  0004H
*** ERROR L107: ADDRESS SPACE OVERFLOW
    SPACE:   DATA    
    SEGMENT: ?DT?ATAN?ATAN
    LENGTH:  0004H
*** ERROR L107: ADDRESS SPACE OVERFLOW
    SPACE:   DATA    
    SEGMENT: ?DT?_SUB_SENDENTERDLY?SUB
    LENGTH:  0002H
*** ERROR L107: ADDRESS SPACE OVERFLOW
    SPACE:   DATA    
    SEGMENT: ?DT?_SUB_SENDEXITDLY?SUB
    LENGTH:  0002H
*** ERROR L107: ADDRESS SPACE OVERFLOW
    SPACE:   DATA    
    SEGMENT: ?DT?TIMER
    LENGTH:  0002H
*** ERROR L105: PUBLIC REFERS TO IGNORED SEGMENT
    SYMBOL:  ?_TEMP_CALSAMP?BYTE
    SEGMENT: ?DT?_TEMP_CALSAMP?CMDSUB
*** ERROR L105: PUBLIC REFERS TO IGNORED SEGMENT
    SYMBOL:  ?_FILTER_1ST?BYTE
    SEGMENT: ?DT?_FILTER_1ST?FILTER
*** WARNING L1: UNRESOLVED EXTERNAL SYMBOL
    SYMBOL:  GETXANGALLSETVAL
    MODULE:  .\obj\ModBusRtu.obj (MODBUSRTU)
*** WARNING L1: UNRESOLVED EXTERNAL SYMBOL
    SYMBOL:  GETYANGALLSETVAL
    MODULE:  .\obj\ModBusRtu.obj (MODBUSRTU)
*** WARNING L1: UNRESOLVED EXTERNAL SYMBOL
    SYMBOL:  GETANGP
    MODULE:  .\obj\ModBusRtu.obj (MODBUSRTU)
*** WARNING L2: REFERENCE MADE TO UNRESOLVED EXTERNAL
    SYMBOL:  GETXANGALLSETVAL
    MODULE:  .\obj\ModBusRtu.obj (MODBUSRTU)
    ADDRESS: 0F53H
*** WARNING L2: REFERENCE MADE TO UNRESOLVED EXTERNAL
    SYMBOL:  GETYANGALLSETVAL
    MODULE:  .\obj\ModBusRtu.obj (MODBUSRTU)
    ADDRESS: 0F58H
*** WARNING L2: REFERENCE MADE TO UNRESOLVED EXTERNAL
    SYMBOL:  GETANGP
    MODULE:  .\obj\ModBusRtu.obj (MODBUSRTU)
    ADDRESS: 0F5DH
*** WARNING L2: REFERENCE MADE TO UNRESOLVED EXTERNAL
    SYMBOL:  GETANGP
    MODULE:  .\obj\ModBusRtu.obj (MODBUSRTU)
    ADDRESS: 0FAFH
*** WARNING L2: REFERENCE MADE TO UNRESOLVED EXTERNAL
    SYMBOL:  GETANGP
    MODULE:  .\obj\ModBusRtu.obj (MODBUSRTU)
    ADDRESS: 0FB5H
*** WARNING L2: REFERENCE MADE TO UNRESOLVED EXTERNAL
    SYMBOL:  GETXANGALLSETVAL
    MODULE:  .\obj\ModBusRtu.obj (MODBUSRTU)
    ADDRESS: 104FH
*** WARNING L2: REFERENCE MADE TO UNRESOLVED EXTERNAL
    SYMBOL:  GETXANGALLSETVAL
    MODULE:  .\obj\ModBusRtu.obj (MODBUSRTU)
    ADDRESS: 1058H
*** WARNING L2: REFERENCE MADE TO UNRESOLVED EXTERNAL
    SYMBOL:  GETYANGALLSETVAL
    MODULE:  .\obj\ModBusRtu.obj (MODBUSRTU)
    ADDRESS: 10C9H
*** WARNING L2: REFERENCE MADE TO UNRESOLVED EXTERNAL
    SYMBOL:  GETYANGALLSETVAL
    MODULE:  .\obj\ModBusRtu.obj (MODBUSRTU)
    ADDRESS: 10D2H
*** ERROR L118: REFERENCE MADE TO ERRONEOUS EXTERNAL
    SYMBOL:  ?_FILTER_1ST?BYTE
    MODULE:  .\obj\Sensor.obj (SENSOR)
    ADDRESS: 41F3H
*** ERROR L118: REFERENCE MADE TO ERRONEOUS EXTERNAL
    SYMBOL:  ?_FILTER_1ST?BYTE
    MODULE:  .\obj\Sensor.obj (SENSOR)
    ADDRESS: 41F6H
*** ERROR L118: REFERENCE MADE TO ERRONEOUS EXTERNAL
    SYMBOL:  ?_FILTER_1ST?BYTE
    MODULE:  .\obj\Sensor.obj (SENSOR)
    ADDRESS: 41F9H
*** WARNING L1: UNRESOLVED EXTERNAL SYMBOL
    SYMBOL:  GETXANGALLSETVAL
    MODULE:  .\obj\Sub.obj (SUB)
*** WARNING L1: UNRESOLVED EXTERNAL SYMBOL
    SYMBOL:  GETYANGALLSETVAL
    MODULE:  .\obj\Sub.obj (SUB)
*** WARNING L1: UNRESOLVED EXTERNAL SYMBOL
    SYMBOL:  GETANGP
    MODULE:  .\obj\Sub.obj (SUB)
*** ERROR L105: PUBLIC REFERS TO IGNORED SEGMENT
    SYMBOL:  ?_SUB_STRALARMCHECK?BYTE
    SEGMENT: ?DT?_SUB_STRALARMCHECK?SUB
*** ERROR L105: PUBLIC REFERS TO IGNORED SEGMENT
    SYMBOL:  ?_SUB_STR2INT16U?BYTE
    SEGMENT: ?DT?_SUB_STR2INT16U?SUB
*** WARNING L2: REFERENCE MADE TO UNRESOLVED EXTERNAL
    SYMBOL:  GETXANGALLSETVAL
    MODULE:  .\obj\Sub.obj (SUB)
    ADDRESS: 52B0H
*** WARNING L2: REFERENCE MADE TO UNRESOLVED EXTERNAL
    SYMBOL:  GETYANGALLSETVAL
    MODULE:  .\obj\Sub.obj (SUB)
    ADDRESS: 52C1H
*** WARNING L2: REFERENCE MADE TO UNRESOLVED EXTERNAL
    SYMBOL:  GETXANGALLSETVAL
    MODULE:  .\obj\Sub.obj (SUB)
    ADDRESS: 5143H
*** WARNING L2: REFERENCE MADE TO UNRESOLVED EXTERNAL
    SYMBOL:  GETYANGALLSETVAL
    MODULE:  .\obj\Sub.obj (SUB)
    ADDRESS: 5154H
*** WARNING L2: REFERENCE MADE TO UNRESOLVED EXTERNAL
    SYMBOL:  GETANGP
    MODULE:  .\obj\Sub.obj (SUB)
    ADDRESS: 5165H
*** WARNING L1: UNRESOLVED EXTERNAL SYMBOL
    SYMBOL:  LEDFLASHPROC
    MODULE:  .\obj\Timer.obj (TIMER)
*** WARNING L2: REFERENCE MADE TO UNRESOLVED EXTERNAL
    SYMBOL:  LEDFLASHPROC
    MODULE:  .\obj\Timer.obj (TIMER)
    ADDRESS: 4CFEH
Program Size: data=218.6 xdata=2856 code=22848
目标未创建
Build target '目标 1'
assembling STARTUP.A51...
compiling AdcDrv.c...
compiling Calibration.c...
compiling CmdSub.c...
compiling Comm.c...
compiling Delay.c...
compiling Filter.c...
compiling Flash.c...
compiling Init.c...
compiling Main.c...
compiling ModBusCrc.c...
compiling ModBusRtu.c...
SCR\MODBUSRTU.C(519): warning C206: 'GetXAngAllSetVal': missing function-prototype
SCR\MODBUSRTU.C(520): warning C206: 'GetYAngAllSetVal': missing function-prototype
SCR\MODBUSRTU.C(522): warning C206: 'GetAngP': missing function-prototype
compiling Send.c...
compiling Sensor.c...
compiling Sub.c...
SCR\SUB.C(130): warning C206: 'GetXAngAllSetVal': missing function-prototype
SCR\SUB.C(134): warning C206: 'GetYAngAllSetVal': missing function-prototype
SCR\SUB.C(152): warning C206: 'GetAngP': missing function-prototype
compiling Timer.c...
linking...
*** WARNING L16: UNCALLED SEGMENT, IGNORED FOR OVERLAY PROCESS
    SEGMENT: ?PR?TEMP_CALSTA?CMDSUB
*** WARNING L16: UNCALLED SEGMENT, IGNORED FOR OVERLAY PROCESS
    SEGMENT: ?PR?_TEMP_CALSAMP?CMDSUB
*** WARNING L16: UNCALLED SEGMENT, IGNORED FOR OVERLAY PROCESS
    SEGMENT: ?PR?_TEMP_CALTREFSET?CMDSUB
*** WARNING L16: UNCALLED SEGMENT, IGNORED FOR OVERLAY PROCESS
    SEGMENT: ?PR?_DELAY_CYC?DELAY
*** WARNING L16: UNCALLED SEGMENT, IGNORED FOR OVERLAY PROCESS
    SEGMENT: ?PR?_MODRTU_WR16U?MODBUSRTU
*** WARNING L16: UNCALLED SEGMENT, IGNORED FOR OVERLAY PROCESS
    SEGMENT: ?PR?SNINIT?SENSOR
*** WARNING L16: UNCALLED SEGMENT, IGNORED FOR OVERLAY PROCESS
    SEGMENT: ?PR?_SUB_SENDENTERDLY?SUB
*** WARNING L16: UNCALLED SEGMENT, IGNORED FOR OVERLAY PROCESS
    SEGMENT: ?PR?_SUB_SENDEXITDLY?SUB
*** WARNING L16: UNCALLED SEGMENT, IGNORED FOR OVERLAY PROCESS
    SEGMENT: ?PR?_SUB_SENDTEMPCAL?SUB
*** WARNING L16: UNCALLED SEGMENT, IGNORED FOR OVERLAY PROCESS
    SEGMENT: ?PR?_SUB_SENDOFFSET?SUB
*** WARNING L16: UNCALLED SEGMENT, IGNORED FOR OVERLAY PROCESS
    SEGMENT: ?PR?_SUB_STR2INT16S?SUB
*** WARNING L16: UNCALLED SEGMENT, IGNORED FOR OVERLAY PROCESS
    SEGMENT: ?PR?_SUB_STRALARMCHECK?SUB
*** ERROR L107: ADDRESS SPACE OVERFLOW
    SPACE:   DATA    
    SEGMENT: ?DT?_TEMP_CALSAMP?CMDSUB
    LENGTH:  0007H
*** ERROR L107: ADDRESS SPACE OVERFLOW
    SPACE:   DATA    
    SEGMENT: ?DT?_FILTER_1ST?FILTER
    LENGTH:  0007H
*** ERROR L107: ADDRESS SPACE OVERFLOW
    SPACE:   DATA    
    SEGMENT: ?DT?_ANG_CALC?SENSOR
    LENGTH:  0007H
*** ERROR L107: ADDRESS SPACE OVERFLOW
    SPACE:   DATA    
    SEGMENT: ?DT?_TEMP_WRTEMPVAL?CALIBRATION
    LENGTH:  0006H
*** ERROR L107: ADDRESS SPACE OVERFLOW
    SPACE:   DATA    
    SEGMENT: ?DT?_TEMP_WRADCVAL?CALIBRATION
    LENGTH:  0006H
*** ERROR L107: ADDRESS SPACE OVERFLOW
    SPACE:   DATA    
    SEGMENT: ?DT?_SNFILTER?SENSOR
    LENGTH:  0006H
*** ERROR L107: ADDRESS SPACE OVERFLOW
    SPACE:   DATA    
    SEGMENT: ?DT?_GETOFFSET?SENSOR
    LENGTH:  0006H
*** ERROR L107: ADDRESS SPACE OVERFLOW
    SPACE:   DATA    
    SEGMENT: ?DT?_GETANGCALCVAL?SENSOR
    LENGTH:  0006H
*** ERROR L107: ADDRESS SPACE OVERFLOW
    SPACE:   DATA    
    SEGMENT: ?DT?_SUB_SENDADCTXY?SUB
    LENGTH:  0006H
*** ERROR L107: ADDRESS SPACE OVERFLOW
    SPACE:   DATA    
    SEGMENT: ?DT?_SUB_STR2INT16U?SUB
    LENGTH:  0006H
*** ERROR L107: ADDRESS SPACE OVERFLOW
    SPACE:   DATA    
    SEGMENT: ?DT?_SUB_STRALARMCHECK?SUB
    LENGTH:  0006H
*** ERROR L107: ADDRESS SPACE OVERFLOW
    SPACE:   DATA    
    SEGMENT: ?DT?CMDSUB
    LENGTH:  0004H
*** ERROR L107: ADDRESS SPACE OVERFLOW
    SPACE:   DATA    
    SEGMENT: ?DT?SQRT?SQRT
    LENGTH:  0004H
*** ERROR L107: ADDRESS SPACE OVERFLOW
    SPACE:   DATA    
    SEGMENT: ?DT?ATAN?ATAN
    LENGTH:  0004H
*** ERROR L107: ADDRESS SPACE OVERFLOW
    SPACE:   DATA    
    SEGMENT: ?DT?_SUB_SENDENTERDLY?SUB
    LENGTH:  0002H
*** ERROR L107: ADDRESS SPACE OVERFLOW
    SPACE:   DATA    
    SEGMENT: ?DT?_SUB_SENDEXITDLY?SUB
    LENGTH:  0002H
*** ERROR L107: ADDRESS SPACE OVERFLOW
    SPACE:   DATA    
    SEGMENT: ?DT?TIMER
    LENGTH:  0002H
*** ERROR L105: PUBLIC REFERS TO IGNORED SEGMENT
    SYMBOL:  ?_TEMP_CALSAMP?BYTE
    SEGMENT: ?DT?_TEMP_CALSAMP?CMDSUB
*** ERROR L105: PUBLIC REFERS TO IGNORED SEGMENT
    SYMBOL:  ?_FILTER_1ST?BYTE
    SEGMENT: ?DT?_FILTER_1ST?FILTER
*** WARNING L1: UNRESOLVED EXTERNAL SYMBOL
    SYMBOL:  GETXANGALLSETVAL
    MODULE:  .\obj\ModBusRtu.obj (MODBUSRTU)
*** WARNING L1: UNRESOLVED EXTERNAL SYMBOL
    SYMBOL:  GETYANGALLSETVAL
    MODULE:  .\obj\ModBusRtu.obj (MODBUSRTU)
*** WARNING L1: UNRESOLVED EXTERNAL SYMBOL
    SYMBOL:  GETANGP
    MODULE:  .\obj\ModBusRtu.obj (MODBUSRTU)
*** WARNING L2: REFERENCE MADE TO UNRESOLVED EXTERNAL
    SYMBOL:  GETXANGALLSETVAL
    MODULE:  .\obj\ModBusRtu.obj (MODBUSRTU)
    ADDRESS: 0F53H
*** WARNING L2: REFERENCE MADE TO UNRESOLVED EXTERNAL
    SYMBOL:  GETYANGALLSETVAL
    MODULE:  .\obj\ModBusRtu.obj (MODBUSRTU)
    ADDRESS: 0F58H
*** WARNING L2: REFERENCE MADE TO UNRESOLVED EXTERNAL
    SYMBOL:  GETANGP
    MODULE:  .\obj\ModBusRtu.obj (MODBUSRTU)
    ADDRESS: 0F5DH
*** WARNING L2: REFERENCE MADE TO UNRESOLVED EXTERNAL
    SYMBOL:  GETANGP
    MODULE:  .\obj\ModBusRtu.obj (MODBUSRTU)
    ADDRESS: 0FAFH
*** WARNING L2: REFERENCE MADE TO UNRESOLVED EXTERNAL
    SYMBOL:  GETANGP
    MODULE:  .\obj\ModBusRtu.obj (MODBUSRTU)
    ADDRESS: 0FB5H
*** WARNING L2: REFERENCE MADE TO UNRESOLVED EXTERNAL
    SYMBOL:  GETXANGALLSETVAL
    MODULE:  .\obj\ModBusRtu.obj (MODBUSRTU)
    ADDRESS: 104FH
*** WARNING L2: REFERENCE MADE TO UNRESOLVED EXTERNAL
    SYMBOL:  GETXANGALLSETVAL
    MODULE:  .\obj\ModBusRtu.obj (MODBUSRTU)
    ADDRESS: 1058H
*** WARNING L2: REFERENCE MADE TO UNRESOLVED EXTERNAL
    SYMBOL:  GETYANGALLSETVAL
    MODULE:  .\obj\ModBusRtu.obj (MODBUSRTU)
    ADDRESS: 10C9H
*** WARNING L2: REFERENCE MADE TO UNRESOLVED EXTERNAL
    SYMBOL:  GETYANGALLSETVAL
    MODULE:  .\obj\ModBusRtu.obj (MODBUSRTU)
    ADDRESS: 10D2H
*** ERROR L118: REFERENCE MADE TO ERRONEOUS EXTERNAL
    SYMBOL:  ?_FILTER_1ST?BYTE
    MODULE:  .\obj\Sensor.obj (SENSOR)
    ADDRESS: 41F3H
*** ERROR L118: REFERENCE MADE TO ERRONEOUS EXTERNAL
    SYMBOL:  ?_FILTER_1ST?BYTE
    MODULE:  .\obj\Sensor.obj (SENSOR)
    ADDRESS: 41F6H
*** ERROR L118: REFERENCE MADE TO ERRONEOUS EXTERNAL
    SYMBOL:  ?_FILTER_1ST?BYTE
    MODULE:  .\obj\Sensor.obj (SENSOR)
    ADDRESS: 41F9H
*** WARNING L1: UNRESOLVED EXTERNAL SYMBOL
    SYMBOL:  GETXANGALLSETVAL
    MODULE:  .\obj\Sub.obj (SUB)
*** WARNING L1: UNRESOLVED EXTERNAL SYMBOL
    SYMBOL:  GETYANGALLSETVAL
    MODULE:  .\obj\Sub.obj (SUB)
*** WARNING L1: UNRESOLVED EXTERNAL SYMBOL
    SYMBOL:  GETANGP
    MODULE:  .\obj\Sub.obj (SUB)
*** ERROR L105: PUBLIC REFERS TO IGNORED SEGMENT
    SYMBOL:  ?_SUB_STRALARMCHECK?BYTE
    SEGMENT: ?DT?_SUB_STRALARMCHECK?SUB
*** ERROR L105: PUBLIC REFERS TO IGNORED SEGMENT
    SYMBOL:  ?_SUB_STR2INT16U?BYTE
    SEGMENT: ?DT?_SUB_STR2INT16U?SUB
*** WARNING L2: REFERENCE MADE TO UNRESOLVED EXTERNAL
    SYMBOL:  GETXANGALLSETVAL
    MODULE:  .\obj\Sub.obj (SUB)
    ADDRESS: 52ADH
*** WARNING L2: REFERENCE MADE TO UNRESOLVED EXTERNAL
    SYMBOL:  GETYANGALLSETVAL
    MODULE:  .\obj\Sub.obj (SUB)
    ADDRESS: 52BEH
*** WARNING L2: REFERENCE MADE TO UNRESOLVED EXTERNAL
    SYMBOL:  GETXANGALLSETVAL
    MODULE:  .\obj\Sub.obj (SUB)
    ADDRESS: 5140H
*** WARNING L2: REFERENCE MADE TO UNRESOLVED EXTERNAL
    SYMBOL:  GETYANGALLSETVAL
    MODULE:  .\obj\Sub.obj (SUB)
    ADDRESS: 5151H
*** WARNING L2: REFERENCE MADE TO UNRESOLVED EXTERNAL
    SYMBOL:  GETANGP
    MODULE:  .\obj\Sub.obj (SUB)
    ADDRESS: 5162H
Program Size: data=218.6 xdata=2856 code=22845
目标未创建
